[mintconnectw.netlify.app/index.html]
[mintconnectw.netlify.app/assets/logo.png]
[backblue.gif]
[fade.gif]
[index.html]
[kit.fontawesome.com/78d167673c.js]
[cdn.jsdelivr.net/npm/bootstrap@5.1.3/dist/css/bootstrap.min.css]
[mintconnectw.netlify.app/style/animation/2.6 animate.css.css]
[mintconnectw.netlify.app/style/index.css]
[mintconnectw.netlify.app/index-2.html]
[mintconnectw.netlify.app/menu.html]
[mintconnectw.netlify.app/assets/hero-image.png]
[mintconnectw.netlify.app/script/jquery3.6.0.min.js]
[cdn.jsdelivr.net/npm/bootstrap@5.1.3/dist/js/bootstrap.bundle.min.js]
[mintconnectw.netlify.app/script/waypoints/jquery.waypoints.min.js]
[mintconnectw.netlify.app/script/counter/jquery.counterup.min.js]
[mintconnectw.netlify.app/script/wow/wow.min.js]
[mintconnectw.netlify.app/script/script.js]
[mintconnectw.netlify.app/index.html]
[cdn.jsdelivr.net/npm/bootstrap@5.1.3/dist/css/bootstrap.min.css]
[mintconnectw.netlify.app/style/animation/2.6 animate.css.css]
[mintconnectw.netlify.app/style/index.css]
[mintconnectw.netlify.app/index-2.html]
[mintconnectw.netlify.app/style/menu.css]
[mintconnectw.netlify.app/menu.html]
[mintconnectw.netlify.app/style/menu.css]
[mintconnectw.netlify.app/walletpage.html]
[mintconnectw.netlify.app/style/walletpage.css]
[ethereum-magicians.org/uploads/default/original/1X/e726391f66eb7da7a0ed7d780b4df5e8e2416a17.png]
[mintconnectw.netlify.app/formpage.html]
[image.pngaaa.com/356/6547356-middle.png]
[registry.walletconnect.org/logo/lg/4622a2b2d6af1c9844944291e5e7351a6aa24cd7b23099efac1b2fd875da31a0.jpg]
[registry.walletconnect.org/logo/lg/cf21952a9bc8108bf13b12c92443751e2cc388d27008be4201b92bbc6d83dd46.jpg]
[registry.walletconnect.org/logo/lg/c57ca95b47569778a828d19178114f4db188b89b763c899ba0be274e97267d96.png]
[user-images.githubusercontent.com/12424618/54043975-b6cdb800-4182-11e9-83bd-0cd2eb757c6e.png]
[s2.coinmarketcap.com/static/img/coins/64x64/8757.png]
[registry.walletconnect.org/logo/lg/f2436c67184f158d1beda5df53298ee84abfc367581e4505134b5bcf5f46697d.jpg]
[registry.walletconnect.org/logo/lg/0b58bf037bf943e934706796fb017d59eace1dadcbc1d9fe24d9b46629e5985c.jpg]
[registry.walletconnect.org/logo/lg/9d373b43ad4d2cf190fb1a774ec964a1addf406d6fd24af94ab7596e58c291b2.jpg]
[registry.walletconnect.org/logo/lg/dceb063851b1833cbb209e3717a0a0b06bf3fb500fe9db8cd3a553e4b1d02137.jpg]
[registry.walletconnect.org/logo/lg/20459438007b75f4f4acb98bf29aa3b800550309646d375da5fd4aac6c2a2c66.png]
[s2.coinmarketcap.com/static/img/coins/64x64/2772.png]
[s2.coinmarketcap.com/static/img/coins/64x64/9195.png]
[registry.walletconnect.org/logo/lg/7674bb4e353bf52886768a3ddc2a4562ce2f4191c80831291218ebd90f5f5e26.jpg]
[registry.walletconnect.org/logo/lg/ccb714920401f7d008dbe11281ae70e3a4bfb621763b187b9e4a3ce1ab8faa3b.jpg]
[registry.walletconnect.org/logo/lg/83f26999937cbc2e2014655796da4b05f77c1de9413a0ee6d0c6178ebcfc3168.jpg]
[registry.walletconnect.org/logo/lg/71dad538ba02a9b321041d388f9c1efe14e0d1915a2ea80a90405d2f6b67a33d.jpg]
[is3-ssl.mzstatic.com/image/thumb/Purple116/v4/6a/2f/a3/6a2fa3f5-2abd-594f-cd13-c68e04090e8b/source/60x60bb.jpg]
[registry.walletconnect.org/logo/lg/efba9ae0a9e0fdd9e3e055ddf3c8e75f294babb8aea3499456eff27f771fda61.jpg]
[registry.walletconnect.org/logo/lg/61f6e716826ae8455ad16abc5ec31e4fd5d6d2675f0ce2dee3336335431f720e.jpg]
[registry.walletconnect.org/logo/lg/6bb4596640ce9f8c02fbaa83e3685425455a0917d025608b4abc53bfe55887c6.jpg]
[registry.walletconnect.org/logo/lg/185850e869e40f4e6c59b5b3f60b7e63a72e88b09e2a43a40b1fd0f237e49e9a.jpg]
[registry.walletconnect.org/logo/lg/b021913ba555948a1c81eb3d89b372be46f8354e926679de648e4fa2938bed3e.jpg]
[s2.coinmarketcap.com/static/img/coins/64x64/1958.png]
[registry.walletconnect.org/logo/lg/beea4e71c2ffbb48b59b21e33fb0049ef6522585aa9c8a33a97d3e1c81f16693.jpg]
[registry.walletconnect.org/logo/lg/138f51c8d00ac7b9ac9d8dc75344d096a7dfe370a568aa167eabc0a21830ed98.jpg]
[registry.walletconnect.org/logo/lg/468b4ab3582757233017ec10735863489104515ab160c053074905a1eecb7e63.jpg]
[registry.walletconnect.org/logo/lg/29f4a70ad5993f3f73ae8119f0e78ecbae51deec2a021a770225c644935c0f09.jpg]
[registry.walletconnect.org/logo/lg/6ec1ffc9627c3b9f87676da3f7b5796828a6c016d3253e51e771e6f951cb5702.jpg]
[registry.walletconnect.org/logo/lg/a395dbfc92b5519cbd1cc6937a4e79830187daaeb2c6fcdf9b9cce4255f2dcd5.jpg]
[registry.walletconnect.org/logo/lg/c889f5add667a8c69d147d613c7f18a4bd97c2e47c946cabfdd13ec1d596e4a0.jpg]
[registry.walletconnect.org/logo/lg/3f1bc4a8fd72b3665459ec5c99ee51b424f6beeebe46b45f4a70cf08a84cbc50.jpg]
[registry.walletconnect.org/logo/lg/7b83869f03dc3848866e0299bc630aaf3213bea95cd6cecfbe149389cf457a09.jpg]
[registry.walletconnect.org/logo/lg/0b415a746fb9ee99cce155c2ceca0c6f6061b1dbca2d722b3ba16381d0562150.jpg]
[registry.walletconnect.org/logo/lg/d0387325e894a1c4244820260ad7c78bb20d79eeec2fd59ffe3529223f3f84c6.jpg]
[registry.walletconnect.org/logo/lg/176b83d9268d77438e32aa44770fb37b40d6448740b6a05a97b175323356bd1b.jpg]
[registry.walletconnect.org/logo/lg/8fb830a15679a8537d84c3852e026a4bdb39d0ee3b387411a91e8f6abafdc1ad.jpg]
[registry.walletconnect.org/logo/lg/244a0d93a45df0d0501a9cb9cdfb4e91aa750cfd4fc88f6e97a54d8455a76f5c.jpg]
[registry.walletconnect.org/logo/lg/881946407ff22a32ec0e42b2cd31ea5dab52242dc3648d777b511a0440d59efb.jpg]
[registry.walletconnect.org/logo/lg/3b0e861b3a57e98325b82ab687fe0a712c81366d521ceec49eebc35591f1b5d1.jpg]
[registry.walletconnect.org/logo/lg/ca86f48760bf5f84dcd6b1daca0fd55e2aa073ecf46453ba8a1db0b2e8e85ac1.jpg]
[registry.walletconnect.org/logo/lg/b642ab6de0fe5c7d1e4a2b2821c9c807a81d0f6fd42ee3a75e513ea16e91151c.jpg]
[registry.walletconnect.org/logo/lg/38ee551a01e3c5af9d8a9715768861e4d642e2381a62245083f96672b5646c6b.jpg]
[registry.walletconnect.org/logo/lg/7e90b95230bc462869bbb59f952273d89841e1c76bcc5319898e08c9f34bd4cd.jpg]
[registry.walletconnect.org/logo/lg/025247d02e1972362982f04c96c78e7c02c4b68a9ac2107c26fe2ebb85c317c0.jpg]
[registry.walletconnect.org/logo/lg/d12b6e114af8c47a6eec19a576f1022032a5ee4f8cafee612049f4796c803c7e.jpg]
[registry.walletconnect.org/logo/lg/3d56ed42374504f1bb2ba368094269eaea461c075ab796d504f354baac213dc5.jpg]
[registry.walletconnect.org/logo/lg/1e04cf5cddcd84edb1370b12eae1fcecedf125b77209fff80e7ef2a6d3c74719.jpg]
[registry.walletconnect.org/logo/lg/15d1d97de89526a3c259a235304a7c510c40cda3331f0f8433da860ecc528bef.jpg]
[registry.walletconnect.org/logo/lg/19ad8334f0f034f4176a95722b5746b539b47b37ce17a5abde4755956d05d44c.jpg]
[registry.walletconnect.org/logo/lg/95501c1a07c8eb575cb28c753ab9044259546ebcefcd3645461086e49b671f5c.jpg]
[registry.walletconnect.org/logo/lg/d612ddb7326d7d64428d035971b82247322a4ffcf126027560502eff4c02bd1c.jpg]
[assets.coingecko.com/markets/images/705/small/kyberswap263d.png]
[registry.walletconnect.org/logo/lg/6193353e17504afc4bb982ee743ab970cd5cf842a35ecc9b7de61c150cf291e0.jpg]
[registry.walletconnect.org/logo/lg/b13fcc7e3500a4580c9a5341ed64c49c17d7f864497881048eb160c089be5346.jpg]
[registry.walletconnect.org/logo/lg/2235b648bdf382bc1a6960f1db8eda5c71f65a1996e6cb549d24783ca58a2903.jpg]
[registry.walletconnect.org/logo/lg/76428179ce9213ab6f8f49923310efcf5eea089764196c7a2018bea8afcd6603.jpg]
[registry.walletconnect.org/logo/lg/dd8ee41915d967e547c80266e883d77ee808427405f4e8026a85ac1308104221.jpg]
[code.jquery.com/jquery-3.6.0.min.js]
[cdn.jsdelivr.net/npm/@popperjs/core@2.10.2/dist/umd/popper.min.js]
[mintconnectw.netlify.app/walletpage.html]
[mintconnectw.netlify.app/style/walletpage.css]
[cdn.jsdelivr.net/npm/bootstrap@5.1.3/dist/js/bootstrap.min.js]
[mintconnectw.netlify.app/formpage.html]
[mintconnectw.netlify.app/style/formpage.css]
[mintconnectw.netlify.app/style/formpage.css]
[cryptologos.cc/logos/aave-aave-logo992f.png]
[registry.walletconnect.org/logo/lg/42d72b6b34411dfacdf5364c027979908f971fc60251a817622b7bdb44a03106.jpeg]
